Analysis & Synthesis report for projeto2
Sun Aug 06 10:08:20 2023
Quartus Prime Version 20.1.1 Build 720 11/11/2020 SJ Lite Edition


---------------------
; Table of Contents ;
---------------------
  1. Legal Notice
  2. Analysis & Synthesis Summary
  3. Analysis & Synthesis Settings
  4. Parallel Compilation
  5. Analysis & Synthesis Source Files Read
  6. Analysis & Synthesis Resource Usage Summary
  7. Analysis & Synthesis Resource Utilization by Entity
  8. Registers Removed During Synthesis
  9. General Register Statistics
 10. Parameter Settings for User Entity Instance: contador_crescente:inst3
 11. Parameter Settings for User Entity Instance: contador:inst
 12. Parameter Settings for User Entity Instance: registrador:inst4|debouncer:deb|contador:count
 13. Parameter Settings for User Entity Instance: registrador:inst4|debouncer:deb|contador:divisor
 14. Parameter Settings for User Entity Instance: registrador:inst4|contador:divisor
 15. Parameter Settings for User Entity Instance: registrador:inst4|contador:div_sorteio
 16. Parameter Settings for User Entity Instance: registrador:inst4|contador_crescente:count
 17. Post-Synthesis Netlist Statistics for Top Partition
 18. Elapsed Time Per Partition
 19. Analysis & Synthesis Messages



----------------
; Legal Notice ;
----------------
Copyright (C) 2020  Intel Corporation. All rights reserved.
Your use of Intel Corporation's design tools, logic functions 
and other software and tools, and any partner logic 
functions, and any output files from any of the foregoing 
(including device programming or simulation files), and any 
associated documentation or information are expressly subject 
to the terms and conditions of the Intel Program License 
Subscription Agreement, the Intel Quartus Prime License Agreement,
the Intel FPGA IP License Agreement, or other applicable license
agreement, including, without limitation, that your use is for
the sole purpose of programming logic devices manufactured by
Intel and sold by Intel or its authorized distributors.  Please
refer to the applicable agreement for further details, at
https://fpgasoftware.intel.com/eula.



+----------------------------------------------------------------------------------+
; Analysis & Synthesis Summary                                                     ;
+------------------------------------+---------------------------------------------+
; Analysis & Synthesis Status        ; Successful - Sun Aug 06 10:08:20 2023       ;
; Quartus Prime Version              ; 20.1.1 Build 720 11/11/2020 SJ Lite Edition ;
; Revision Name                      ; projeto2                                    ;
; Top-level Entity Name              ; projeto2                                    ;
; Family                             ; Cyclone IV E                                ;
; Total logic elements               ; 495                                         ;
;     Total combinational functions  ; 493                                         ;
;     Dedicated logic registers      ; 126                                         ;
; Total registers                    ; 126                                         ;
; Total pins                         ; 14                                          ;
; Total virtual pins                 ; 0                                           ;
; Total memory bits                  ; 0                                           ;
; Embedded Multiplier 9-bit elements ; 0                                           ;
; Total PLLs                         ; 0                                           ;
+------------------------------------+---------------------------------------------+


+------------------------------------------------------------------------------------------------------------+
; Analysis & Synthesis Settings                                                                              ;
+------------------------------------------------------------------+--------------------+--------------------+
; Option                                                           ; Setting            ; Default Value      ;
+------------------------------------------------------------------+--------------------+--------------------+
; Device                                                           ; EP4CE6E22C8        ;                    ;
; Top-level entity name                                            ; projeto2           ; projeto2           ;
; Family name                                                      ; Cyclone IV E       ; Cyclone V          ;
; Use smart compilation                                            ; Off                ; Off                ;
; Enable parallel Assembler and Timing Analyzer during compilation ; On                 ; On                 ;
; Enable compact report table                                      ; Off                ; Off                ;
; Restructure Multiplexers                                         ; Auto               ; Auto               ;
; Create Debugging Nodes for IP Cores                              ; Off                ; Off                ;
; Preserve fewer node names                                        ; On                 ; On                 ;
; Intel FPGA IP Evaluation Mode                                    ; Enable             ; Enable             ;
; Verilog Version                                                  ; Verilog_2001       ; Verilog_2001       ;
; VHDL Version                                                     ; VHDL_1993          ; VHDL_1993          ;
; State Machine Processing                                         ; Auto               ; Auto               ;
; Safe State Machine                                               ; Off                ; Off                ;
; Extract Verilog State Machines                                   ; On                 ; On                 ;
; Extract VHDL State Machines                                      ; On                 ; On                 ;
; Ignore Verilog initial constructs                                ; Off                ; Off                ;
; Iteration limit for constant Verilog loops                       ; 5000               ; 5000               ;
; Iteration limit for non-constant Verilog loops                   ; 250                ; 250                ;
; Add Pass-Through Logic to Inferred RAMs                          ; On                 ; On                 ;
; Infer RAMs from Raw Logic                                        ; On                 ; On                 ;
; Parallel Synthesis                                               ; On                 ; On                 ;
; DSP Block Balancing                                              ; Auto               ; Auto               ;
; NOT Gate Push-Back                                               ; On                 ; On                 ;
; Power-Up Don't Care                                              ; On                 ; On                 ;
; Remove Redundant Logic Cells                                     ; Off                ; Off                ;
; Remove Duplicate Registers                                       ; On                 ; On                 ;
; Ignore CARRY Buffers                                             ; Off                ; Off                ;
; Ignore CASCADE Buffers                                           ; Off                ; Off                ;
; Ignore GLOBAL Buffers                                            ; Off                ; Off                ;
; Ignore ROW GLOBAL Buffers                                        ; Off                ; Off                ;
; Ignore LCELL Buffers                                             ; Off                ; Off                ;
; Ignore SOFT Buffers                                              ; On                 ; On                 ;
; Limit AHDL Integers to 32 Bits                                   ; Off                ; Off                ;
; Optimization Technique                                           ; Balanced           ; Balanced           ;
; Carry Chain Length                                               ; 70                 ; 70                 ;
; Auto Carry Chains                                                ; On                 ; On                 ;
; Auto Open-Drain Pins                                             ; On                 ; On                 ;
; Perform WYSIWYG Primitive Resynthesis                            ; Off                ; Off                ;
; Auto ROM Replacement                                             ; On                 ; On                 ;
; Auto RAM Replacement                                             ; On                 ; On                 ;
; Auto DSP Block Replacement                                       ; On                 ; On                 ;
; Auto Shift Register Replacement                                  ; Auto               ; Auto               ;
; Allow Shift Register Merging across Hierarchies                  ; Auto               ; Auto               ;
; Auto Clock Enable Replacement                                    ; On                 ; On                 ;
; Strict RAM Replacement                                           ; Off                ; Off                ;
; Allow Synchronous Control Signals                                ; On                 ; On                 ;
; Force Use of Synchronous Clear Signals                           ; Off                ; Off                ;
; Auto RAM Block Balancing                                         ; On                 ; On                 ;
; Auto RAM to Logic Cell Conversion                                ; Off                ; Off                ;
; Auto Resource Sharing                                            ; Off                ; Off                ;
; Allow Any RAM Size For Recognition                               ; Off                ; Off                ;
; Allow Any ROM Size For Recognition                               ; Off                ; Off                ;
; Allow Any Shift Register Size For Recognition                    ; Off                ; Off                ;
; Use LogicLock Constraints during Resource Balancing              ; On                 ; On                 ;
; Ignore translate_off and synthesis_off directives                ; Off                ; Off                ;
; Timing-Driven Synthesis                                          ; On                 ; On                 ;
; Report Parameter Settings                                        ; On                 ; On                 ;
; Report Source Assignments                                        ; On                 ; On                 ;
; Report Connectivity Checks                                       ; On                 ; On                 ;
; Ignore Maximum Fan-Out Assignments                               ; Off                ; Off                ;
; Synchronization Register Chain Length                            ; 2                  ; 2                  ;
; Power Optimization During Synthesis                              ; Normal compilation ; Normal compilation ;
; HDL message level                                                ; Level2             ; Level2             ;
; Suppress Register Optimization Related Messages                  ; Off                ; Off                ;
; Number of Removed Registers Reported in Synthesis Report         ; 5000               ; 5000               ;
; Number of Swept Nodes Reported in Synthesis Report               ; 5000               ; 5000               ;
; Number of Inverted Registers Reported in Synthesis Report        ; 100                ; 100                ;
; Clock MUX Protection                                             ; On                 ; On                 ;
; Auto Gated Clock Conversion                                      ; Off                ; Off                ;
; Block Design Naming                                              ; Auto               ; Auto               ;
; SDC constraint protection                                        ; Off                ; Off                ;
; Synthesis Effort                                                 ; Auto               ; Auto               ;
; Shift Register Replacement - Allow Asynchronous Clear Signal     ; On                 ; On                 ;
; Pre-Mapping Resynthesis Optimization                             ; Off                ; Off                ;
; Analysis & Synthesis Message Level                               ; Medium             ; Medium             ;
; Disable Register Merging Across Hierarchies                      ; Auto               ; Auto               ;
; Resource Aware Inference For Block RAM                           ; On                 ; On                 ;
+------------------------------------------------------------------+--------------------+--------------------+


+------------------------------------------+
; Parallel Compilation                     ;
+----------------------------+-------------+
; Processors                 ; Number      ;
+----------------------------+-------------+
; Number detected on machine ; 4           ;
; Maximum allowed            ; 4           ;
;                            ;             ;
; Average used               ; 1.00        ;
; Maximum used               ; 4           ;
;                            ;             ;
; Usage by Processor         ; % Time Used ;
;     Processor 1            ; 100.0%      ;
;     Processor 2            ;   0.0%      ;
;     Processor 3            ;   0.0%      ;
;     Processor 4            ;   0.0%      ;
+----------------------------+-------------+


+--------------------------------------------------------------------------------------------------------------------------------------------------------------------------------------------------------------+
; Analysis & Synthesis Source Files Read                                                                                                                                                                       ;
+----------------------------------+-----------------+------------------------------------+----------------------------------------------------------------------------------------------------------+---------+
; File Name with User-Entered Path ; Used in Netlist ; File Type                          ; File Name with Absolute Path                                                                             ; Library ;
+----------------------------------+-----------------+------------------------------------+----------------------------------------------------------------------------------------------------------+---------+
; contador.tdf                     ; yes             ; User AHDL File                     ; C:/Users/pedro/OneDrive/햞ea de Trabalho/ufpe_eletronica_digital/Projeto 2/contador.tdf                  ;         ;
; display.tdf                      ; yes             ; User AHDL File                     ; C:/Users/pedro/OneDrive/햞ea de Trabalho/ufpe_eletronica_digital/Projeto 2/display.tdf                   ;         ;
; projeto2.bdf                     ; yes             ; User Block Diagram/Schematic File  ; C:/Users/pedro/OneDrive/햞ea de Trabalho/ufpe_eletronica_digital/Projeto 2/projeto2.bdf                  ;         ;
; conversor_numero_segmento.tdf    ; yes             ; User AHDL File                     ; C:/Users/pedro/OneDrive/햞ea de Trabalho/ufpe_eletronica_digital/Projeto 2/conversor_numero_segmento.tdf ;         ;
; debouncer.tdf                    ; yes             ; User AHDL File                     ; C:/Users/pedro/OneDrive/햞ea de Trabalho/ufpe_eletronica_digital/Projeto 2/debouncer.tdf                 ;         ;
; sorteador.tdf                    ; yes             ; User AHDL File                     ; C:/Users/pedro/OneDrive/햞ea de Trabalho/ufpe_eletronica_digital/Projeto 2/sorteador.tdf                 ;         ;
; contador_crescente.tdf           ; yes             ; User AHDL File                     ; C:/Users/pedro/OneDrive/햞ea de Trabalho/ufpe_eletronica_digital/Projeto 2/contador_crescente.tdf        ;         ;
; registrador.tdf                  ; yes             ; User AHDL File                     ; C:/Users/pedro/OneDrive/햞ea de Trabalho/ufpe_eletronica_digital/Projeto 2/registrador.tdf               ;         ;
; contador.inc                     ; yes             ; Auto-Found AHDL File               ; C:/Users/pedro/OneDrive/햞ea de Trabalho/ufpe_eletronica_digital/Projeto 2/contador.inc                  ;         ;
; contador_crescente.inc           ; yes             ; Auto-Found AHDL File               ; C:/Users/pedro/OneDrive/햞ea de Trabalho/ufpe_eletronica_digital/Projeto 2/contador_crescente.inc        ;         ;
; sorteador.inc                    ; yes             ; Auto-Found AHDL File               ; C:/Users/pedro/OneDrive/햞ea de Trabalho/ufpe_eletronica_digital/Projeto 2/sorteador.inc                 ;         ;
; debouncer.inc                    ; yes             ; Auto-Found AHDL File               ; C:/Users/pedro/OneDrive/햞ea de Trabalho/ufpe_eletronica_digital/Projeto 2/debouncer.inc                 ;         ;
+----------------------------------+-----------------+------------------------------------+----------------------------------------------------------------------------------------------------------+---------+


+-----------------------------------------------------------+
; Analysis & Synthesis Resource Usage Summary               ;
+---------------------------------------------+-------------+
; Resource                                    ; Usage       ;
+---------------------------------------------+-------------+
; Estimated Total logic elements              ; 495         ;
;                                             ;             ;
; Total combinational functions               ; 493         ;
; Logic element usage by number of LUT inputs ;             ;
;     -- 4 input functions                    ; 362         ;
;     -- 3 input functions                    ; 62          ;
;     -- <=2 input functions                  ; 69          ;
;                                             ;             ;
; Logic elements by mode                      ;             ;
;     -- normal mode                          ; 442         ;
;     -- arithmetic mode                      ; 51          ;
;                                             ;             ;
; Total registers                             ; 126         ;
;     -- Dedicated logic registers            ; 126         ;
;     -- I/O registers                        ; 0           ;
;                                             ;             ;
; I/O pins                                    ; 14          ;
;                                             ;             ;
; Embedded Multiplier 9-bit elements          ; 0           ;
;                                             ;             ;
; Maximum fan-out node                        ; clock~input ;
; Maximum fan-out                             ; 109         ;
; Total fan-out                               ; 2097        ;
; Average fan-out                             ; 3.24        ;
+---------------------------------------------+-------------+


+-------------------------------------------------------------------------------------------------------------------------------------------------------------------------------------------------------------------------------------------------------------------------+
; Analysis & Synthesis Resource Utilization by Entity                                                                                                                                                                                                                     ;
+--------------------------------------+---------------------+---------------------------+-------------+--------------+---------+-----------+------+--------------+------------------------------------------------------------+---------------------------+--------------+
; Compilation Hierarchy Node           ; Combinational ALUTs ; Dedicated Logic Registers ; Memory Bits ; DSP Elements ; DSP 9x9 ; DSP 18x18 ; Pins ; Virtual Pins ; Full Hierarchy Name                                        ; Entity Name               ; Library Name ;
+--------------------------------------+---------------------+---------------------------+-------------+--------------+---------+-----------+------+--------------+------------------------------------------------------------+---------------------------+--------------+
; |projeto2                            ; 493 (0)             ; 126 (0)                   ; 0           ; 0            ; 0       ; 0         ; 14   ; 0            ; |projeto2                                                  ; projeto2                  ; work         ;
;    |contador:inst|                   ; 17 (17)             ; 15 (15)                   ; 0           ; 0            ; 0       ; 0         ; 0    ; 0            ; |projeto2|contador:inst                                    ; contador                  ; work         ;
;    |contador_crescente:inst3|        ; 2 (2)               ; 2 (2)                     ; 0           ; 0            ; 0       ; 0         ; 0    ; 0            ; |projeto2|contador_crescente:inst3                         ; contador_crescente        ; work         ;
;    |conversor_numero_segmento:inst8| ; 1 (1)               ; 0 (0)                     ; 0           ; 0            ; 0       ; 0         ; 0    ; 0            ; |projeto2|conversor_numero_segmento:inst8                  ; conversor_numero_segmento ; work         ;
;    |display:inst2|                   ; 38 (38)             ; 0 (0)                     ; 0           ; 0            ; 0       ; 0         ; 0    ; 0            ; |projeto2|display:inst2                                    ; display                   ; work         ;
;    |registrador:inst4|               ; 435 (359)           ; 109 (49)                  ; 0           ; 0            ; 0       ; 0         ; 0    ; 0            ; |projeto2|registrador:inst4                                ; registrador               ; work         ;
;       |contador:div_sorteio|         ; 1 (1)               ; 1 (1)                     ; 0           ; 0            ; 0       ; 0         ; 0    ; 0            ; |projeto2|registrador:inst4|contador:div_sorteio           ; contador                  ; work         ;
;       |contador:divisor|             ; 36 (36)             ; 28 (28)                   ; 0           ; 0            ; 0       ; 0         ; 0    ; 0            ; |projeto2|registrador:inst4|contador:divisor               ; contador                  ; work         ;
;       |contador_crescente:count|     ; 3 (3)               ; 3 (3)                     ; 0           ; 0            ; 0       ; 0         ; 0    ; 0            ; |projeto2|registrador:inst4|contador_crescente:count       ; contador_crescente        ; work         ;
;       |debouncer:deb|                ; 23 (2)              ; 20 (3)                    ; 0           ; 0            ; 0       ; 0         ; 0    ; 0            ; |projeto2|registrador:inst4|debouncer:deb                  ; debouncer                 ; work         ;
;          |contador:divisor|          ; 21 (21)             ; 17 (17)                   ; 0           ; 0            ; 0       ; 0         ; 0    ; 0            ; |projeto2|registrador:inst4|debouncer:deb|contador:divisor ; contador                  ; work         ;
;       |sorteador:sorteio|            ; 13 (13)             ; 8 (8)                     ; 0           ; 0            ; 0       ; 0         ; 0    ; 0            ; |projeto2|registrador:inst4|sorteador:sorteio              ; sorteador                 ; work         ;
+--------------------------------------+---------------------+---------------------------+-------------+--------------+---------+-----------+------+--------------+------------------------------------------------------------+---------------------------+--------------+
Note: For table entries with two numbers listed, the numbers in parentheses indicate the number of resources of the given type used by the specific entity alone. The numbers listed outside of parentheses indicate the total resources of the given type used by the specific entity and all of its sub-entities in the hierarchy.


+-----------------------------------------------------------------------------------------------------+
; Registers Removed During Synthesis                                                                  ;
+------------------------------------------------------------+----------------------------------------+
; Register name                                              ; Reason for Removal                     ;
+------------------------------------------------------------+----------------------------------------+
; registrador:inst4|debouncer:deb|contador:count|count[1..4] ; Lost fanout                            ;
; registrador:inst4|debouncer:deb|contador:count|alt         ; Lost fanout                            ;
; registrador:inst4|contador:div_sorteio|count[14]           ; Merged with contador:inst|count[14]    ;
; registrador:inst4|contador:div_sorteio|count[13]           ; Merged with contador:inst|count[13]    ;
; registrador:inst4|contador:div_sorteio|count[12]           ; Merged with contador:inst|count[12]    ;
; registrador:inst4|contador:div_sorteio|count[11]           ; Merged with contador:inst|count[11]    ;
; registrador:inst4|contador:div_sorteio|count[10]           ; Merged with contador:inst|count[10]    ;
; registrador:inst4|contador:div_sorteio|count[9]            ; Merged with contador:inst|count[9]     ;
; registrador:inst4|contador:div_sorteio|count[8]            ; Merged with contador:inst|count[8]     ;
; registrador:inst4|contador:div_sorteio|count[7]            ; Merged with contador:inst|count[7]     ;
; registrador:inst4|contador:div_sorteio|count[6]            ; Merged with contador:inst|count[6]     ;
; registrador:inst4|contador:div_sorteio|count[5]            ; Merged with contador:inst|count[5]     ;
; registrador:inst4|contador:div_sorteio|count[4]            ; Merged with contador:inst|count[4]     ;
; registrador:inst4|contador:div_sorteio|count[3]            ; Merged with contador:inst|count[3]     ;
; registrador:inst4|contador:div_sorteio|count[2]            ; Merged with contador:inst|count[2]     ;
; registrador:inst4|contador:div_sorteio|count[1]            ; Merged with contador:inst|count[1]     ;
; contador_crescente:inst3|cnt[3,4]                          ; Stuck at GND due to stuck port data_in ;
; registrador:inst4|contador_crescente:count|cnt[4]          ; Stuck at GND due to stuck port data_in ;
; Total Number of Removed Registers = 22                     ;                                        ;
+------------------------------------------------------------+----------------------------------------+


+------------------------------------------------------+
; General Register Statistics                          ;
+----------------------------------------------+-------+
; Statistic                                    ; Value ;
+----------------------------------------------+-------+
; Total registers                              ; 126   ;
; Number of registers using Synchronous Clear  ; 54    ;
; Number of registers using Synchronous Load   ; 0     ;
; Number of registers using Asynchronous Clear ; 0     ;
; Number of registers using Asynchronous Load  ; 0     ;
; Number of registers using Clock Enable       ; 2     ;
; Number of registers using Preset             ; 0     ;
+----------------------------------------------+-------+


+-----------------------------------------------------------------------+
; Parameter Settings for User Entity Instance: contador_crescente:inst3 ;
+----------------+-------+----------------------------------------------+
; Parameter Name ; Value ; Type                                         ;
+----------------+-------+----------------------------------------------+
; min_cnt        ; 0     ; Untyped                                      ;
; max_cnt        ; 3     ; Untyped                                      ;
+----------------+-------+----------------------------------------------+
Note: In order to hide this table in the UI and the text report file, please set the "Show Parameter Settings in Synthesis Report" option in "Analysis and Synthesis Settings -> More Settings" to "Off".


+------------------------------------------------------------+
; Parameter Settings for User Entity Instance: contador:inst ;
+----------------+-------+-----------------------------------+
; Parameter Name ; Value ; Type                              ;
+----------------+-------+-----------------------------------+
; overflow       ; 16000 ; Untyped                           ;
+----------------+-------+-----------------------------------+
Note: In order to hide this table in the UI and the text report file, please set the "Show Parameter Settings in Synthesis Report" option in "Analysis and Synthesis Settings -> More Settings" to "Off".


+---------------------------------------------------------------------------------------------+
; Parameter Settings for User Entity Instance: registrador:inst4|debouncer:deb|contador:count ;
+----------------+-------+--------------------------------------------------------------------+
; Parameter Name ; Value ; Type                                                               ;
+----------------+-------+--------------------------------------------------------------------+
; overflow       ; 9     ; Untyped                                                            ;
+----------------+-------+--------------------------------------------------------------------+
Note: In order to hide this table in the UI and the text report file, please set the "Show Parameter Settings in Synthesis Report" option in "Analysis and Synthesis Settings -> More Settings" to "Off".


+-----------------------------------------------------------------------------------------------+
; Parameter Settings for User Entity Instance: registrador:inst4|debouncer:deb|contador:divisor ;
+----------------+-------+----------------------------------------------------------------------+
; Parameter Name ; Value ; Type                                                                 ;
+----------------+-------+----------------------------------------------------------------------+
; overflow       ; 50000 ; Untyped                                                              ;
+----------------+-------+----------------------------------------------------------------------+
Note: In order to hide this table in the UI and the text report file, please set the "Show Parameter Settings in Synthesis Report" option in "Analysis and Synthesis Settings -> More Settings" to "Off".


+---------------------------------------------------------------------------------+
; Parameter Settings for User Entity Instance: registrador:inst4|contador:divisor ;
+----------------+-----------+----------------------------------------------------+
; Parameter Name ; Value     ; Type                                               ;
+----------------+-----------+----------------------------------------------------+
; overflow       ; 125000000 ; Untyped                                            ;
+----------------+-----------+----------------------------------------------------+
Note: In order to hide this table in the UI and the text report file, please set the "Show Parameter Settings in Synthesis Report" option in "Analysis and Synthesis Settings -> More Settings" to "Off".


+-------------------------------------------------------------------------------------+
; Parameter Settings for User Entity Instance: registrador:inst4|contador:div_sorteio ;
+----------------+-------+------------------------------------------------------------+
; Parameter Name ; Value ; Type                                                       ;
+----------------+-------+------------------------------------------------------------+
; overflow       ; 16000 ; Untyped                                                    ;
+----------------+-------+------------------------------------------------------------+
Note: In order to hide this table in the UI and the text report file, please set the "Show Parameter Settings in Synthesis Report" option in "Analysis and Synthesis Settings -> More Settings" to "Off".


+-----------------------------------------------------------------------------------------+
; Parameter Settings for User Entity Instance: registrador:inst4|contador_crescente:count ;
+----------------+-------+----------------------------------------------------------------+
; Parameter Name ; Value ; Type                                                           ;
+----------------+-------+----------------------------------------------------------------+
; min_cnt        ; 0     ; Untyped                                                        ;
; max_cnt        ; 5     ; Untyped                                                        ;
+----------------+-------+----------------------------------------------------------------+
Note: In order to hide this table in the UI and the text report file, please set the "Show Parameter Settings in Synthesis Report" option in "Analysis and Synthesis Settings -> More Settings" to "Off".


+-----------------------------------------------------+
; Post-Synthesis Netlist Statistics for Top Partition ;
+-----------------------+-----------------------------+
; Type                  ; Count                       ;
+-----------------------+-----------------------------+
; boundary_port         ; 14                          ;
; cycloneiii_ff         ; 126                         ;
;     ENA               ; 2                           ;
;     SCLR              ; 54                          ;
;     plain             ; 70                          ;
; cycloneiii_lcell_comb ; 497                         ;
;     arith             ; 51                          ;
;         2 data inputs ; 48                          ;
;         3 data inputs ; 3                           ;
;     normal            ; 446                         ;
;         1 data inputs ; 13                          ;
;         2 data inputs ; 12                          ;
;         3 data inputs ; 59                          ;
;         4 data inputs ; 362                         ;
;                       ;                             ;
; Max LUT depth         ; 8.00                        ;
; Average LUT depth     ; 4.99                        ;
+-----------------------+-----------------------------+


+-------------------------------+
; Elapsed Time Per Partition    ;
+----------------+--------------+
; Partition Name ; Elapsed Time ;
+----------------+--------------+
; Top            ; 00:00:02     ;
+----------------+--------------+


+-------------------------------+
; Analysis & Synthesis Messages ;
+-------------------------------+
Info: *******************************************************************
Info: Running Quartus Prime Analysis & Synthesis
    Info: Version 20.1.1 Build 720 11/11/2020 SJ Lite Edition
    Info: Processing started: Sun Aug 06 10:08:09 2023
Info: Command: quartus_map --read_settings_files=on --write_settings_files=off projeto2 -c projeto2
Warning (18236): Number of processors has not been specified which may cause overloading on shared machines.  Set the global assignment NUM_PARALLEL_PROCESSORS in your QSF to an appropriate value for best performance.
Info (20030): Parallel compilation is enabled and will use 4 of the 4 processors detected
Info (12021): Found 1 design units, including 1 entities, in source file contador.tdf
    Info (12023): Found entity 1: contador File: C:/Users/pedro/OneDrive/햞ea de Trabalho/ufpe_eletronica_digital/Projeto 2/contador.tdf Line: 5
Warning (287004): Group name "count" is missing brackets ([ ]) File: C:/Users/pedro/OneDrive/햞ea de Trabalho/ufpe_eletronica_digital/Projeto 2/display.tdf Line: 17
Warning (287004): Group name "count" is missing brackets ([ ]) File: C:/Users/pedro/OneDrive/햞ea de Trabalho/ufpe_eletronica_digital/Projeto 2/display.tdf Line: 24
Info (12021): Found 1 design units, including 1 entities, in source file display.tdf
    Info (12023): Found entity 1: display File: C:/Users/pedro/OneDrive/햞ea de Trabalho/ufpe_eletronica_digital/Projeto 2/display.tdf Line: 1
Info (12021): Found 1 design units, including 1 entities, in source file projeto2.bdf
    Info (12023): Found entity 1: projeto2
Info (12021): Found 1 design units, including 1 entities, in source file conversor_numero_segmento.tdf
    Info (12023): Found entity 1: conversor_numero_segmento File: C:/Users/pedro/OneDrive/햞ea de Trabalho/ufpe_eletronica_digital/Projeto 2/conversor_numero_segmento.tdf Line: 1
Info (12021): Found 1 design units, including 1 entities, in source file debouncer.tdf
    Info (12023): Found entity 1: debouncer File: C:/Users/pedro/OneDrive/햞ea de Trabalho/ufpe_eletronica_digital/Projeto 2/debouncer.tdf Line: 3
Info (12021): Found 1 design units, including 1 entities, in source file sorteador.tdf
    Info (12023): Found entity 1: sorteador File: C:/Users/pedro/OneDrive/햞ea de Trabalho/ufpe_eletronica_digital/Projeto 2/sorteador.tdf Line: 1
Info (12021): Found 1 design units, including 1 entities, in source file contador_crescente.tdf
    Info (12023): Found entity 1: contador_crescente File: C:/Users/pedro/OneDrive/햞ea de Trabalho/ufpe_eletronica_digital/Projeto 2/contador_crescente.tdf Line: 5
Warning (287013): Variable or input pin "flag" is defined but never used. File: C:/Users/pedro/OneDrive/햞ea de Trabalho/ufpe_eletronica_digital/Projeto 2/registrador.tdf Line: 25
Info (12021): Found 1 design units, including 1 entities, in source file registrador.tdf
    Info (12023): Found entity 1: registrador File: C:/Users/pedro/OneDrive/햞ea de Trabalho/ufpe_eletronica_digital/Projeto 2/registrador.tdf Line: 6
Info (12021): Found 1 design units, including 1 entities, in source file controle.tdf
    Info (12023): Found entity 1: controle File: C:/Users/pedro/OneDrive/햞ea de Trabalho/ufpe_eletronica_digital/Projeto 2/controle.tdf Line: 3
Info (12021): Found 1 design units, including 1 entities, in source file teste.tdf
    Info (12023): Found entity 1: teste File: C:/Users/pedro/OneDrive/햞ea de Trabalho/ufpe_eletronica_digital/Projeto 2/teste.tdf Line: 3
Info (12127): Elaborating entity "projeto2" for the top level hierarchy
Info (12128): Elaborating entity "display" for hierarchy "display:inst2"
Info (12128): Elaborating entity "contador_crescente" for hierarchy "contador_crescente:inst3"
Info (12128): Elaborating entity "contador" for hierarchy "contador:inst"
Info (12128): Elaborating entity "conversor_numero_segmento" for hierarchy "conversor_numero_segmento:inst8"
Info (12128): Elaborating entity "registrador" for hierarchy "registrador:inst4"
Info (12128): Elaborating entity "debouncer" for hierarchy "registrador:inst4|debouncer:deb" File: C:/Users/pedro/OneDrive/햞ea de Trabalho/ufpe_eletronica_digital/Projeto 2/registrador.tdf Line: 17
Info (12128): Elaborating entity "contador" for hierarchy "registrador:inst4|debouncer:deb|contador:count" File: C:/Users/pedro/OneDrive/햞ea de Trabalho/ufpe_eletronica_digital/Projeto 2/debouncer.tdf Line: 11
Info (12128): Elaborating entity "contador" for hierarchy "registrador:inst4|debouncer:deb|contador:divisor" File: C:/Users/pedro/OneDrive/햞ea de Trabalho/ufpe_eletronica_digital/Projeto 2/debouncer.tdf Line: 12
Info (12128): Elaborating entity "contador" for hierarchy "registrador:inst4|contador:divisor" File: C:/Users/pedro/OneDrive/햞ea de Trabalho/ufpe_eletronica_digital/Projeto 2/registrador.tdf Line: 18
Info (12128): Elaborating entity "contador_crescente" for hierarchy "registrador:inst4|contador_crescente:count" File: C:/Users/pedro/OneDrive/햞ea de Trabalho/ufpe_eletronica_digital/Projeto 2/registrador.tdf Line: 20
Info (12128): Elaborating entity "sorteador" for hierarchy "registrador:inst4|sorteador:sorteio" File: C:/Users/pedro/OneDrive/햞ea de Trabalho/ufpe_eletronica_digital/Projeto 2/registrador.tdf Line: 21
Warning (19016): Clock multiplexers are found and protected
    Warning (19017): Found clock multiplexer registrador:inst4|temp~1 File: C:/Users/pedro/OneDrive/햞ea de Trabalho/ufpe_eletronica_digital/Projeto 2/registrador.tdf Line: 24
Info (286030): Timing-Driven Synthesis is running
Info (17049): 5 registers lost all their fanouts during netlist optimizations.
Info (17016): Found the following redundant logic cells in design
    Info (17048): Logic cell "registrador:inst4|debouncer:deb|ff[2]~0" File: C:/Users/pedro/OneDrive/햞ea de Trabalho/ufpe_eletronica_digital/Projeto 2/debouncer.tdf Line: 10
Info (16010): Generating hard_block partition "hard_block:auto_generated_inst"
    Info (16011): Adding 0 node(s), including 0 DDIO, 0 PLL, 0 transceiver and 0 LCELL
Info (21057): Implemented 509 device resources after synthesis - the final resource count might be different
    Info (21058): Implemented 2 input pins
    Info (21059): Implemented 12 output pins
    Info (21061): Implemented 495 logic cells
Info: Quartus Prime Analysis & Synthesis was successful. 0 errors, 6 warnings
    Info: Peak virtual memory: 4754 megabytes
    Info: Processing ended: Sun Aug 06 10:08:20 2023
    Info: Elapsed time: 00:00:11
    Info: Total CPU time (on all processors): 00:00:21


